{"/Users/ridzchandra/Desktop/dev/coposit-interview-task/top-artists/frontend/src/lib/stringLib.js": {"path":"/Users/ridzchandra/Desktop/dev/coposit-interview-task/top-artists/frontend/src/lib/stringLib.js","all":false,"statementMap":{"0":{"start":{"line":1,"column":0},"end":{"line":1,"column":63}},"1":{"start":{"line":2,"column":0},"end":{"line":2,"column":36}},"2":{"start":{"line":3,"column":0},"end":{"line":3,"column":59}},"3":{"start":{"line":4,"column":0},"end":{"line":4,"column":2}}},"s":{"0":1,"1":1,"2":1,"3":3},"branchMap":{"0":{"type":"branch","line":3,"loc":{"start":{"line":3,"column":7},"end":{"line":4,"column":2}},"locations":[{"start":{"line":3,"column":7},"end":{"line":4,"column":2}}]}},"b":{"0":[3]},"fnMap":{"0":{"name":"capitalize","decl":{"start":{"line":3,"column":7},"end":{"line":4,"column":2}},"loc":{"start":{"line":3,"column":7},"end":{"line":4,"column":2}},"line":3}},"f":{"0":3}}
,"/Users/ridzchandra/Desktop/dev/coposit-interview-task/top-artists/services/util/cost.js": {"path":"/Users/ridzchandra/Desktop/dev/coposit-interview-task/top-artists/services/util/cost.js","all":false,"statementMap":{"0":{"start":{"line":1,"column":0},"end":{"line":1,"column":40}},"1":{"start":{"line":2,"column":0},"end":{"line":2,"column":58}},"2":{"start":{"line":3,"column":0},"end":{"line":3,"column":24}},"3":{"start":{"line":4,"column":0},"end":{"line":4,"column":1}}},"s":{"0":1,"1":3,"2":3,"3":3},"branchMap":{"0":{"type":"branch","line":2,"loc":{"start":{"line":2,"column":-1},"end":{"line":4,"column":1}},"locations":[{"start":{"line":2,"column":-1},"end":{"line":4,"column":1}}]},"1":{"type":"branch","line":2,"loc":{"start":{"line":2,"column":47},"end":{"line":2,"column":50}},"locations":[{"start":{"line":2,"column":47},"end":{"line":2,"column":50}}]},"2":{"type":"branch","line":2,"loc":{"start":{"line":2,"column":51},"end":{"line":3,"column":16}},"locations":[{"start":{"line":2,"column":51},"end":{"line":3,"column":16}}]},"3":{"type":"branch","line":3,"loc":{"start":{"line":3,"column":9},"end":{"line":3,"column":12}},"locations":[{"start":{"line":3,"column":9},"end":{"line":3,"column":12}}]},"4":{"type":"branch","line":3,"loc":{"start":{"line":3,"column":13},"end":{"line":3,"column":16}},"locations":[{"start":{"line":3,"column":13},"end":{"line":3,"column":16}}]}},"b":{"0":[3],"1":[1],"2":[2],"3":[1],"4":[1]},"fnMap":{"0":{"name":"calculateCost","decl":{"start":{"line":2,"column":-1},"end":{"line":4,"column":1}},"loc":{"start":{"line":2,"column":-1},"end":{"line":4,"column":1}},"line":2}},"f":{"0":3}}
,"/Users/ridzchandra/Desktop/dev/coposit-interview-task/top-artists/stacks/StorageStack.js": {"path":"/Users/ridzchandra/Desktop/dev/coposit-interview-task/top-artists/stacks/StorageStack.js","all":false,"statementMap":{"0":{"start":{"line":1,"column":0},"end":{"line":1,"column":60}},"1":{"start":{"line":2,"column":0},"end":{"line":2,"column":0}},"2":{"start":{"line":3,"column":0},"end":{"line":3,"column":46}},"3":{"start":{"line":4,"column":0},"end":{"line":4,"column":30}},"4":{"start":{"line":5,"column":0},"end":{"line":5,"column":48}},"5":{"start":{"line":6,"column":0},"end":{"line":6,"column":13}},"6":{"start":{"line":7,"column":0},"end":{"line":7,"column":23}},"7":{"start":{"line":8,"column":0},"end":{"line":8,"column":22}},"8":{"start":{"line":9,"column":0},"end":{"line":9,"column":6}},"9":{"start":{"line":10,"column":0},"end":{"line":10,"column":63}},"10":{"start":{"line":11,"column":0},"end":{"line":11,"column":5}},"11":{"start":{"line":12,"column":0},"end":{"line":12,"column":0}},"12":{"start":{"line":13,"column":0},"end":{"line":13,"column":24}},"13":{"start":{"line":14,"column":0},"end":{"line":14,"column":47}},"14":{"start":{"line":15,"column":0},"end":{"line":15,"column":11}},"15":{"start":{"line":16,"column":0},"end":{"line":16,"column":7}},"16":{"start":{"line":17,"column":0},"end":{"line":17,"column":24}},"17":{"start":{"line":18,"column":0},"end":{"line":18,"column":30}},"18":{"start":{"line":19,"column":0},"end":{"line":19,"column":30}},"19":{"start":{"line":20,"column":0},"end":{"line":20,"column":65}},"20":{"start":{"line":21,"column":0},"end":{"line":21,"column":8}},"21":{"start":{"line":22,"column":0},"end":{"line":22,"column":6}},"22":{"start":{"line":23,"column":0},"end":{"line":23,"column":5}},"23":{"start":{"line":24,"column":0},"end":{"line":24,"column":0}},"24":{"start":{"line":25,"column":0},"end":{"line":25,"column":10}},"25":{"start":{"line":26,"column":0},"end":{"line":26,"column":10}},"26":{"start":{"line":27,"column":0},"end":{"line":27,"column":11}},"27":{"start":{"line":28,"column":0},"end":{"line":28,"column":4}},"28":{"start":{"line":29,"column":0},"end":{"line":29,"column":1}}},"s":{"0":1,"1":1,"2":1,"3":1,"4":1,"5":1,"6":1,"7":1,"8":1,"9":1,"10":1,"11":1,"12":1,"13":1,"14":1,"15":1,"16":1,"17":1,"18":1,"19":1,"20":1,"21":1,"22":1,"23":1,"24":1,"25":1,"26":1,"27":1,"28":1},"branchMap":{"0":{"type":"branch","line":3,"loc":{"start":{"line":3,"column":25},"end":{"line":29,"column":1}},"locations":[{"start":{"line":3,"column":25},"end":{"line":29,"column":1}}]}},"b":{"0":[1]},"fnMap":{"0":{"name":"StorageStack","decl":{"start":{"line":3,"column":25},"end":{"line":29,"column":1}},"loc":{"start":{"line":3,"column":25},"end":{"line":29,"column":1}},"line":3}},"f":{"0":1}}
}
